Determining if the pthread_create exist failed with the following output:
Change Dir: /home/dongxiao/catkin_ws/src/LeGO-LOAM-zhushi/LeGO-LOAM/build/CMakeFiles/CMakeTmp

Run Build Command:"/usr/bin/make" "cmTC_30825/fast"
/usr/bin/make -f CMakeFiles/cmTC_30825.dir/build.make CMakeFiles/cmTC_30825.dir/build
make[1]: Entering directory '/home/dongxiao/catkin_ws/src/LeGO-LOAM-zhushi/LeGO-LOAM/build/CMakeFiles/CMakeTmp'
Building C object CMakeFiles/cmTC_30825.dir/CheckSymbolExists.c.o
/usr/bin/gcc-5     -o CMakeFiles/cmTC_30825.dir/CheckSymbolExists.c.o   -c /home/dongxiao/catkin_ws/src/LeGO-LOAM-zhushi/LeGO-LOAM/build/CMakeFiles/CMakeTmp/CheckSymbolExists.c
Linking C executable cmTC_30825
/usr/bin/cmake -E cmake_link_script CMakeFiles/cmTC_30825.dir/link.txt --verbose=1
/usr/bin/gcc-5       CMakeFiles/cmTC_30825.dir/CheckSymbolExists.c.o  -o cmTC_30825 -rdynamic 
CMakeFiles/cmTC_30825.dir/CheckSymbolExists.c.o: In function `main':
CheckSymbolExists.c:(.text+0x16): undefined reference to `pthread_create'
collect2: error: ld returned 1 exit status
CMakeFiles/cmTC_30825.dir/build.make:97: recipe for target 'cmTC_30825' failed
make[1]: *** [cmTC_30825] Error 1
make[1]: Leaving directory '/home/dongxiao/catkin_ws/src/LeGO-LOAM-zhushi/LeGO-LOAM/build/CMakeFiles/CMakeTmp'
Makefile:126: recipe for target 'cmTC_30825/fast' failed
make: *** [cmTC_30825/fast] Error 2

File /home/dongxiao/catkin_ws/src/LeGO-LOAM-zhushi/LeGO-LOAM/build/CMakeFiles/CMakeTmp/CheckSymbolExists.c:
/* */
#include <pthread.h>

int main(int argc, char** argv)
{
  (void)argv;
#ifndef pthread_create
  return ((int*)(&pthread_create))[argc];
#else
  (void)argc;
  return 0;
#endif
}

Determining if the function pthread_create exists in the pthreads failed with the following output:
Change Dir: /home/dongxiao/catkin_ws/src/LeGO-LOAM-zhushi/LeGO-LOAM/build/CMakeFiles/CMakeTmp

Run Build Command:"/usr/bin/make" "cmTC_12b13/fast"
/usr/bin/make -f CMakeFiles/cmTC_12b13.dir/build.make CMakeFiles/cmTC_12b13.dir/build
make[1]: Entering directory '/home/dongxiao/catkin_ws/src/LeGO-LOAM-zhushi/LeGO-LOAM/build/CMakeFiles/CMakeTmp'
Building C object CMakeFiles/cmTC_12b13.dir/CheckFunctionExists.c.o
/usr/bin/gcc-5    -DCHECK_FUNCTION_EXISTS=pthread_create   -o CMakeFiles/cmTC_12b13.dir/CheckFunctionExists.c.o   -c /usr/share/cmake-3.5/Modules/CheckFunctionExists.c
Linking C executable cmTC_12b13
/usr/bin/cmake -E cmake_link_script CMakeFiles/cmTC_12b13.dir/link.txt --verbose=1
/usr/bin/gcc-5   -DCHECK_FUNCTION_EXISTS=pthread_create    CMakeFiles/cmTC_12b13.dir/CheckFunctionExists.c.o  -o cmTC_12b13 -rdynamic -lpthreads 
/usr/bin/ld: cannot find -lpthreads
collect2: error: ld returned 1 exit status
CMakeFiles/cmTC_12b13.dir/build.make:97: recipe for target 'cmTC_12b13' failed
make[1]: *** [cmTC_12b13] Error 1
make[1]: Leaving directory '/home/dongxiao/catkin_ws/src/LeGO-LOAM-zhushi/LeGO-LOAM/build/CMakeFiles/CMakeTmp'
Makefile:126: recipe for target 'cmTC_12b13/fast' failed
make: *** [cmTC_12b13/fast] Error 2


